
*** Running vivado
    with args -log minisys_top.vds -m64 -product Vivado -mode batch -messageDb vivado.pb -notrace -source minisys_top.tcl


****** Vivado v2018.3 (64-bit)
  **** SW Build 2405991 on Thu Dec  6 23:38:27 MST 2018
  **** IP Build 2404404 on Fri Dec  7 01:43:56 MST 2018
    ** Copyright 1986-2018 Xilinx, Inc. All Rights Reserved.

source minisys_top.tcl -notrace
Command: synth_design -top minisys_top -part xc7a100tfgg484-1
Starting synth_design
Attempting to get a license for feature 'Synthesis' and/or device 'xc7a100t'
INFO: [Common 17-349] Got license for feature 'Synthesis' and/or device 'xc7a100t'
INFO: Launching helper process for spawning children vivado processes
INFO: Helper process launched with PID 30324 
---------------------------------------------------------------------------------
Starting RTL Elaboration : Time (s): cpu = 00:00:02 ; elapsed = 00:00:02 . Memory (MB): peak = 341.492 ; gain = 69.289
---------------------------------------------------------------------------------
INFO: [Synth 8-6157] synthesizing module 'minisys_top' [C:/Users/rolle/Processor-Design-Based-on-FPGA/src/board/minisys_top.v:18]
	Parameter CPU_MODE bound to: 0 - type: integer 
INFO: [Synth 8-6155] done synthesizing module 'minisys_top' (1#1) [C:/Users/rolle/Processor-Design-Based-on-FPGA/src/board/minisys_top.v:18]
WARNING: [Synth 8-3917] design minisys_top has port led[14] driven by constant 0
WARNING: [Synth 8-3917] design minisys_top has port led[13] driven by constant 0
WARNING: [Synth 8-3917] design minisys_top has port led[12] driven by constant 0
WARNING: [Synth 8-3917] design minisys_top has port led[11] driven by constant 0
WARNING: [Synth 8-3917] design minisys_top has port led[10] driven by constant 0
WARNING: [Synth 8-3917] design minisys_top has port led[9] driven by constant 0
WARNING: [Synth 8-3917] design minisys_top has port led[8] driven by constant 0
WARNING: [Synth 8-3917] design minisys_top has port seg[7] driven by constant 1
WARNING: [Synth 8-3917] design minisys_top has port seg[6] driven by constant 1
WARNING: [Synth 8-3917] design minisys_top has port seg[5] driven by constant 1
WARNING: [Synth 8-3917] design minisys_top has port seg[4] driven by constant 1
WARNING: [Synth 8-3917] design minisys_top has port seg[3] driven by constant 1
WARNING: [Synth 8-3917] design minisys_top has port seg[2] driven by constant 1
WARNING: [Synth 8-3917] design minisys_top has port seg[1] driven by constant 1
WARNING: [Synth 8-3917] design minisys_top has port seg[0] driven by constant 1
WARNING: [Synth 8-3917] design minisys_top has port an[7] driven by constant 1
WARNING: [Synth 8-3917] design minisys_top has port an[6] driven by constant 1
WARNING: [Synth 8-3917] design minisys_top has port an[5] driven by constant 1
WARNING: [Synth 8-3917] design minisys_top has port an[4] driven by constant 1
WARNING: [Synth 8-3917] design minisys_top has port an[3] driven by constant 1
WARNING: [Synth 8-3917] design minisys_top has port an[2] driven by constant 1
WARNING: [Synth 8-3917] design minisys_top has port an[1] driven by constant 1
WARNING: [Synth 8-3917] design minisys_top has port an[0] driven by constant 1
WARNING: [Synth 8-3331] design minisys_top has unconnected port sw[15]
WARNING: [Synth 8-3331] design minisys_top has unconnected port sw[14]
WARNING: [Synth 8-3331] design minisys_top has unconnected port sw[13]
WARNING: [Synth 8-3331] design minisys_top has unconnected port sw[12]
WARNING: [Synth 8-3331] design minisys_top has unconnected port sw[11]
WARNING: [Synth 8-3331] design minisys_top has unconnected port sw[10]
WARNING: [Synth 8-3331] design minisys_top has unconnected port sw[9]
WARNING: [Synth 8-3331] design minisys_top has unconnected port sw[8]
---------------------------------------------------------------------------------
Finished RTL Elaboration : Time (s): cpu = 00:00:02 ; elapsed = 00:00:03 . Memory (MB): peak = 396.910 ; gain = 124.707
---------------------------------------------------------------------------------

Report Check Netlist: 
+------+------------------+-------+---------+-------+------------------+
|      |Item              |Errors |Warnings |Status |Description       |
+------+------------------+-------+---------+-------+------------------+
|1     |multi_driven_nets |      0|        0|Passed |Multi driven nets |
+------+------------------+-------+---------+-------+------------------+
---------------------------------------------------------------------------------
Start Handling Custom Attributes
---------------------------------------------------------------------------------
---------------------------------------------------------------------------------
Finished Handling Custom Attributes : Time (s): cpu = 00:00:03 ; elapsed = 00:00:03 . Memory (MB): peak = 396.910 ; gain = 124.707
---------------------------------------------------------------------------------
---------------------------------------------------------------------------------
Finished RTL Optimization Phase 1 : Time (s): cpu = 00:00:03 ; elapsed = 00:00:03 . Memory (MB): peak = 396.910 ; gain = 124.707
---------------------------------------------------------------------------------
INFO: [Device 21-403] Loading part xc7a100tfgg484-1
INFO: [Project 1-570] Preparing netlist for logic optimization

Processing XDC Constraints
Initializing timing engine
Parsing XDC File [C:/Users/rolle/Processor-Design-Based-on-FPGA/constraints/minisys.xdc]
Finished Parsing XDC File [C:/Users/rolle/Processor-Design-Based-on-FPGA/constraints/minisys.xdc]
INFO: [Project 1-236] Implementation specific constraints were found while reading constraint file [C:/Users/rolle/Processor-Design-Based-on-FPGA/constraints/minisys.xdc]. These constraints will be ignored for synthesis but will be used in implementation. Impacted constraints are listed in the file [.Xil/minisys_top_propImpl.xdc].
Resolution: To avoid this warning, move constraints listed in [.Xil/minisys_top_propImpl.xdc] to another XDC file and exclude this new file from synthesis with the used_in_synthesis property (File Properties dialog in GUI) and re-run elaboration/synthesis.
Netlist sorting complete. Time (s): cpu = 00:00:00 ; elapsed = 00:00:00 . Memory (MB): peak = 713.359 ; gain = 0.000
Completed Processing XDC Constraints

Netlist sorting complete. Time (s): cpu = 00:00:00 ; elapsed = 00:00:00 . Memory (MB): peak = 713.414 ; gain = 0.000
INFO: [Project 1-111] Unisim Transformation Summary:
No Unisim elements were transformed.

Netlist sorting complete. Time (s): cpu = 00:00:00 ; elapsed = 00:00:00 . Memory (MB): peak = 713.414 ; gain = 0.000
Constraint Validation Runtime : Time (s): cpu = 00:00:00 ; elapsed = 00:00:00.004 . Memory (MB): peak = 713.414 ; gain = 0.000
---------------------------------------------------------------------------------
Finished Constraint Validation : Time (s): cpu = 00:00:10 ; elapsed = 00:00:11 . Memory (MB): peak = 713.414 ; gain = 441.211
---------------------------------------------------------------------------------
---------------------------------------------------------------------------------
Start Loading Part and Timing Information
---------------------------------------------------------------------------------
Loading part: xc7a100tfgg484-1
---------------------------------------------------------------------------------
Finished Loading Part and Timing Information : Time (s): cpu = 00:00:10 ; elapsed = 00:00:11 . Memory (MB): peak = 713.414 ; gain = 441.211
---------------------------------------------------------------------------------
---------------------------------------------------------------------------------
Start Applying 'set_property' XDC Constraints
---------------------------------------------------------------------------------
---------------------------------------------------------------------------------
Finished applying 'set_property' XDC Constraints : Time (s): cpu = 00:00:10 ; elapsed = 00:00:11 . Memory (MB): peak = 713.414 ; gain = 441.211
---------------------------------------------------------------------------------
---------------------------------------------------------------------------------
Finished RTL Optimization Phase 2 : Time (s): cpu = 00:00:10 ; elapsed = 00:00:11 . Memory (MB): peak = 713.414 ; gain = 441.211
---------------------------------------------------------------------------------

Report RTL Partitions: 
+-+--------------+------------+----------+
| |RTL Partition |Replication |Instances |
+-+--------------+------------+----------+
+-+--------------+------------+----------+
---------------------------------------------------------------------------------
Start RTL Component Statistics 
---------------------------------------------------------------------------------
Detailed RTL Component Info : 
---------------------------------------------------------------------------------
Finished RTL Component Statistics 
---------------------------------------------------------------------------------
---------------------------------------------------------------------------------
Start RTL Hierarchical Component Statistics 
---------------------------------------------------------------------------------
Hierarchical RTL Component report 
---------------------------------------------------------------------------------
Finished RTL Hierarchical Component Statistics
---------------------------------------------------------------------------------
---------------------------------------------------------------------------------
Start Part Resource Summary
---------------------------------------------------------------------------------
Part Resources:
DSPs: 240 (col length:80)
BRAMs: 270 (col length: RAMB18 80 RAMB36 40)
---------------------------------------------------------------------------------
Finished Part Resource Summary
---------------------------------------------------------------------------------
---------------------------------------------------------------------------------
Start Cross Boundary and Area Optimization
---------------------------------------------------------------------------------
Warning: Parallel synthesis criteria is not met 
WARNING: [Synth 8-3917] design minisys_top has port led[14] driven by constant 0
WARNING: [Synth 8-3917] design minisys_top has port led[13] driven by constant 0
WARNING: [Synth 8-3917] design minisys_top has port led[12] driven by constant 0
WARNING: [Synth 8-3917] design minisys_top has port led[11] driven by constant 0
WARNING: [Synth 8-3917] design minisys_top has port led[10] driven by constant 0
WARNING: [Synth 8-3917] design minisys_top has port led[9] driven by constant 0
WARNING: [Synth 8-3917] design minisys_top has port led[8] driven by constant 0
WARNING: [Synth 8-3917] design minisys_top has port seg[7] driven by constant 1
WARNING: [Synth 8-3917] design minisys_top has port seg[6] driven by constant 1
WARNING: [Synth 8-3917] design minisys_top has port seg[5] driven by constant 1
WARNING: [Synth 8-3917] design minisys_top has port seg[4] driven by constant 1
WARNING: [Synth 8-3917] design minisys_top has port seg[3] driven by constant 1
WARNING: [Synth 8-3917] design minisys_top has port seg[2] driven by constant 1
WARNING: [Synth 8-3917] design minisys_top has port seg[1] driven by constant 1
WARNING: [Synth 8-3917] design minisys_top has port seg[0] driven by constant 1
WARNING: [Synth 8-3917] design minisys_top has port an[7] driven by constant 1
WARNING: [Synth 8-3917] design minisys_top has port an[6] driven by constant 1
WARNING: [Synth 8-3917] design minisys_top has port an[5] driven by constant 1
WARNING: [Synth 8-3917] design minisys_top has port an[4] driven by constant 1
WARNING: [Synth 8-3917] design minisys_top has port an[3] driven by constant 1
WARNING: [Synth 8-3917] design minisys_top has port an[2] driven by constant 1
WARNING: [Synth 8-3917] design minisys_top has port an[1] driven by constant 1
WARNING: [Synth 8-3917] design minisys_top has port an[0] driven by constant 1
WARNING: [Synth 8-3331] design minisys_top has unconnected port sw[15]
WARNING: [Synth 8-3331] design minisys_top has unconnected port sw[14]
WARNING: [Synth 8-3331] design minisys_top has unconnected port sw[13]
WARNING: [Synth 8-3331] design minisys_top has unconnected port sw[12]
WARNING: [Synth 8-3331] design minisys_top has unconnected port sw[11]
WARNING: [Synth 8-3331] design minisys_top has unconnected port sw[10]
WARNING: [Synth 8-3331] design minisys_top has unconnected port sw[9]
WARNING: [Synth 8-3331] design minisys_top has unconnected port sw[8]
---------------------------------------------------------------------------------
Finished Cross Boundary and Area Optimization : Time (s): cpu = 00:00:10 ; elapsed = 00:00:12 . Memory (MB): peak = 713.414 ; gain = 441.211
---------------------------------------------------------------------------------

Report RTL Partitions: 
+-+--------------+------------+----------+
| |RTL Partition |Replication |Instances |
+-+--------------+------------+----------+
+-+--------------+------------+----------+
---------------------------------------------------------------------------------
Start Applying XDC Timing Constraints
---------------------------------------------------------------------------------
---------------------------------------------------------------------------------
Finished Applying XDC Timing Constraints : Time (s): cpu = 00:00:18 ; elapsed = 00:00:20 . Memory (MB): peak = 725.715 ; gain = 453.512
---------------------------------------------------------------------------------
---------------------------------------------------------------------------------
Start Timing Optimization
---------------------------------------------------------------------------------
---------------------------------------------------------------------------------
Finished Timing Optimization : Time (s): cpu = 00:00:18 ; elapsed = 00:00:20 . Memory (MB): peak = 735.262 ; gain = 463.059
---------------------------------------------------------------------------------

Report RTL Partitions: 
+-+--------------+------------+----------+
| |RTL Partition |Replication |Instances |
+-+--------------+------------+----------+
+-+--------------+------------+----------+
---------------------------------------------------------------------------------
Start Technology Mapping
---------------------------------------------------------------------------------
---------------------------------------------------------------------------------
Finished Technology Mapping : Time (s): cpu = 00:00:18 ; elapsed = 00:00:20 . Memory (MB): peak = 735.293 ; gain = 463.090
---------------------------------------------------------------------------------

Report RTL Partitions: 
+-+--------------+------------+----------+
| |RTL Partition |Replication |Instances |
+-+--------------+------------+----------+
+-+--------------+------------+----------+
---------------------------------------------------------------------------------
Start IO Insertion
---------------------------------------------------------------------------------
---------------------------------------------------------------------------------
Start Flattening Before IO Insertion
---------------------------------------------------------------------------------
---------------------------------------------------------------------------------
Finished Flattening Before IO Insertion
---------------------------------------------------------------------------------
---------------------------------------------------------------------------------
Start Final Netlist Cleanup
---------------------------------------------------------------------------------
---------------------------------------------------------------------------------
Finished Final Netlist Cleanup
---------------------------------------------------------------------------------
---------------------------------------------------------------------------------
Finished IO Insertion : Time (s): cpu = 00:00:19 ; elapsed = 00:00:21 . Memory (MB): peak = 735.293 ; gain = 463.090
---------------------------------------------------------------------------------

Report Check Netlist: 
+------+------------------+-------+---------+-------+------------------+
|      |Item              |Errors |Warnings |Status |Description       |
+------+------------------+-------+---------+-------+------------------+
|1     |multi_driven_nets |      0|        0|Passed |Multi driven nets |
+------+------------------+-------+---------+-------+------------------+
---------------------------------------------------------------------------------
Start Renaming Generated Instances
---------------------------------------------------------------------------------
---------------------------------------------------------------------------------
Finished Renaming Generated Instances : Time (s): cpu = 00:00:19 ; elapsed = 00:00:21 . Memory (MB): peak = 735.293 ; gain = 463.090
---------------------------------------------------------------------------------

Report RTL Partitions: 
+-+--------------+------------+----------+
| |RTL Partition |Replication |Instances |
+-+--------------+------------+----------+
+-+--------------+------------+----------+
---------------------------------------------------------------------------------
Start Rebuilding User Hierarchy
---------------------------------------------------------------------------------
---------------------------------------------------------------------------------
Finished Rebuilding User Hierarchy : Time (s): cpu = 00:00:19 ; elapsed = 00:00:21 . Memory (MB): peak = 735.293 ; gain = 463.090
---------------------------------------------------------------------------------
---------------------------------------------------------------------------------
Start Renaming Generated Ports
---------------------------------------------------------------------------------
---------------------------------------------------------------------------------
Finished Renaming Generated Ports : Time (s): cpu = 00:00:19 ; elapsed = 00:00:21 . Memory (MB): peak = 735.293 ; gain = 463.090
---------------------------------------------------------------------------------
---------------------------------------------------------------------------------
Start Handling Custom Attributes
---------------------------------------------------------------------------------
---------------------------------------------------------------------------------
Finished Handling Custom Attributes : Time (s): cpu = 00:00:19 ; elapsed = 00:00:21 . Memory (MB): peak = 735.293 ; gain = 463.090
---------------------------------------------------------------------------------
---------------------------------------------------------------------------------
Start Renaming Generated Nets
---------------------------------------------------------------------------------
---------------------------------------------------------------------------------
Finished Renaming Generated Nets : Time (s): cpu = 00:00:19 ; elapsed = 00:00:21 . Memory (MB): peak = 735.293 ; gain = 463.090
---------------------------------------------------------------------------------
---------------------------------------------------------------------------------
Start Writing Synthesis Report
---------------------------------------------------------------------------------

Report BlackBoxes: 
+-+--------------+----------+
| |BlackBox name |Instances |
+-+--------------+----------+
+-+--------------+----------+

Report Cell Usage: 
+------+-------+------+
|      |Cell   |Count |
+------+-------+------+
|1     |BUFG   |     1|
|2     |CARRY4 |     6|
|3     |LUT1   |     2|
|4     |FDRE   |    24|
|5     |IBUF   |    10|
|6     |OBUF   |    32|
+------+-------+------+

Report Instance Areas: 
+------+---------+-------+------+
|      |Instance |Module |Cells |
+------+---------+-------+------+
|1     |top      |       |    75|
+------+---------+-------+------+
---------------------------------------------------------------------------------
Finished Writing Synthesis Report : Time (s): cpu = 00:00:19 ; elapsed = 00:00:21 . Memory (MB): peak = 735.293 ; gain = 463.090
---------------------------------------------------------------------------------
Synthesis finished with 0 errors, 0 critical warnings and 31 warnings.
Synthesis Optimization Runtime : Time (s): cpu = 00:00:11 ; elapsed = 00:00:15 . Memory (MB): peak = 735.293 ; gain = 146.586
Synthesis Optimization Complete : Time (s): cpu = 00:00:19 ; elapsed = 00:00:21 . Memory (MB): peak = 735.293 ; gain = 463.090
INFO: [Project 1-571] Translating synthesized netlist
INFO: [Netlist 29-17] Analyzing 6 Unisim elements for replacement
INFO: [Netlist 29-28] Unisim Transformation completed in 0 CPU seconds
INFO: [Project 1-570] Preparing netlist for logic optimization
INFO: [Opt 31-138] Pushed 0 inverter(s) to 0 load pin(s).
Netlist sorting complete. Time (s): cpu = 00:00:00 ; elapsed = 00:00:00 . Memory (MB): peak = 747.293 ; gain = 0.000
INFO: [Project 1-111] Unisim Transformation Summary:
No Unisim elements were transformed.

INFO: [Common 17-83] Releasing license: Synthesis
14 Infos, 62 Warnings, 0 Critical Warnings and 0 Errors encountered.
synth_design completed successfully
synth_design: Time (s): cpu = 00:00:21 ; elapsed = 00:00:23 . Memory (MB): peak = 747.293 ; gain = 475.090
Netlist sorting complete. Time (s): cpu = 00:00:00 ; elapsed = 00:00:00 . Memory (MB): peak = 747.293 ; gain = 0.000
WARNING: [Constraints 18-5210] No constraints selected for write.
Resolution: This message can indicate that there are no constraints for the design, or it can indicate that the used_in flags are set such that the constraints are ignored. This later case is used when running synth_design to not write synthesis constraints to the resulting checkpoint. Instead, project constraints are read when the synthesized design is opened.
INFO: [Common 17-1381] The checkpoint 'C:/Users/rolle/Processor-Design-Based-on-FPGA/processor_fpga/processor_fpga.runs/synth_1/minisys_top.dcp' has been generated.
INFO: [runtcl-4] Executing : report_utilization -file minisys_top_utilization_synth.rpt -pb minisys_top_utilization_synth.pb
INFO: [Common 17-206] Exiting Vivado at Thu Jul  9 11:11:26 2026...
