Copyright 1986-2018 Xilinx, Inc. All Rights Reserved.
------------------------------------------------------------------------------------
| Tool Version : Vivado v.2018.3 (win64) Build 2405991 Thu Dec  6 23:38:27 MST 2018
| Date         : Mon Jul 13 02:51:30 2026
| Host         : 05T-1925 running 64-bit major release  (build 9200)
| Command      : report_drc -file build_cpu_vga/drc.rpt
| Design       : minisys_top
| Device       : xc7a100tfgg484-1
| Speed File   : -1
| Design State : Fully Routed
------------------------------------------------------------------------------------

Report DRC

Table of Contents
-----------------
1. REPORT SUMMARY
2. REPORT DETAILS

1. REPORT SUMMARY
-----------------
            Netlist: minisys_top
          Floorplan: design_1
      Design limits: <entire design considered>
           Ruledeck: default
             Max violations: <unlimited>
             Violations found: 28
+--------+----------+-------------------------+------------+
| Rule   | Severity | Description             | Violations |
+--------+----------+-------------------------+------------+
| DPIP-1 | Warning  | Input pipelining        | 6          |
| DPOP-1 | Warning  | PREG Output pipelining  | 3          |
| DPOP-2 | Warning  | MREG Output pipelining  | 3          |
| DPOR-1 | Warning  | Asynchronous load check | 16         |
+--------+----------+-------------------------+------------+

2. REPORT DETAILS
-----------------
DPIP-1#1 Warning
Input pipelining  
DSP u_soc_top/cpu_top_inst/gen_riscv_mc.riscv_mc_inst/u_cpu/u_mac/product input u_soc_top/cpu_top_inst/gen_riscv_mc.riscv_mc_inst/u_cpu/u_mac/product/A[29:0] is not pipelined. Pipelining DSP48 input will improve performance.
Related violations: <none>

DPIP-1#2 Warning
Input pipelining  
DSP u_soc_top/cpu_top_inst/gen_riscv_mc.riscv_mc_inst/u_cpu/u_mac/product input u_soc_top/cpu_top_inst/gen_riscv_mc.riscv_mc_inst/u_cpu/u_mac/product/B[17:0] is not pipelined. Pipelining DSP48 input will improve performance.
Related violations: <none>

DPIP-1#3 Warning
Input pipelining  
DSP u_soc_top/cpu_top_inst/gen_riscv_mc.riscv_mc_inst/u_cpu/u_mac/product__0 input u_soc_top/cpu_top_inst/gen_riscv_mc.riscv_mc_inst/u_cpu/u_mac/product__0/A[29:0] is not pipelined. Pipelining DSP48 input will improve performance.
Related violations: <none>

DPIP-1#4 Warning
Input pipelining  
DSP u_soc_top/cpu_top_inst/gen_riscv_mc.riscv_mc_inst/u_cpu/u_mac/product__0 input u_soc_top/cpu_top_inst/gen_riscv_mc.riscv_mc_inst/u_cpu/u_mac/product__0/B[17:0] is not pipelined. Pipelining DSP48 input will improve performance.
Related violations: <none>

DPIP-1#5 Warning
Input pipelining  
DSP u_soc_top/cpu_top_inst/gen_riscv_mc.riscv_mc_inst/u_cpu/u_mac/product__1 input u_soc_top/cpu_top_inst/gen_riscv_mc.riscv_mc_inst/u_cpu/u_mac/product__1/A[29:0] is not pipelined. Pipelining DSP48 input will improve performance.
Related violations: <none>

DPIP-1#6 Warning
Input pipelining  
DSP u_soc_top/cpu_top_inst/gen_riscv_mc.riscv_mc_inst/u_cpu/u_mac/product__1 input u_soc_top/cpu_top_inst/gen_riscv_mc.riscv_mc_inst/u_cpu/u_mac/product__1/B[17:0] is not pipelined. Pipelining DSP48 input will improve performance.
Related violations: <none>

DPOP-1#1 Warning
PREG Output pipelining  
DSP u_soc_top/cpu_top_inst/gen_riscv_mc.riscv_mc_inst/u_cpu/u_mac/product output u_soc_top/cpu_top_inst/gen_riscv_mc.riscv_mc_inst/u_cpu/u_mac/product/P[47:0] is not pipelined (PREG=0). Pipelining the DSP48 output will improve performance and often saves power so it is suggested whenever possible to fully pipeline this function.  If this DSP48 function was inferred, it is suggested to describe an additional register stage after this function.  If the DSP48 was instantiated in the design, it is suggested to set the PREG attribute to 1.
Related violations: <none>

DPOP-1#2 Warning
PREG Output pipelining  
DSP u_soc_top/cpu_top_inst/gen_riscv_mc.riscv_mc_inst/u_cpu/u_mac/product__0 output u_soc_top/cpu_top_inst/gen_riscv_mc.riscv_mc_inst/u_cpu/u_mac/product__0/P[47:0] is not pipelined (PREG=0). Pipelining the DSP48 output will improve performance and often saves power so it is suggested whenever possible to fully pipeline this function.  If this DSP48 function was inferred, it is suggested to describe an additional register stage after this function.  If the DSP48 was instantiated in the design, it is suggested to set the PREG attribute to 1.
Related violations: <none>

DPOP-1#3 Warning
PREG Output pipelining  
DSP u_soc_top/cpu_top_inst/gen_riscv_mc.riscv_mc_inst/u_cpu/u_mac/product__1 output u_soc_top/cpu_top_inst/gen_riscv_mc.riscv_mc_inst/u_cpu/u_mac/product__1/P[47:0] is not pipelined (PREG=0). Pipelining the DSP48 output will improve performance and often saves power so it is suggested whenever possible to fully pipeline this function.  If this DSP48 function was inferred, it is suggested to describe an additional register stage after this function.  If the DSP48 was instantiated in the design, it is suggested to set the PREG attribute to 1.
Related violations: <none>

DPOP-2#1 Warning
MREG Output pipelining  
DSP u_soc_top/cpu_top_inst/gen_riscv_mc.riscv_mc_inst/u_cpu/u_mac/product multiplier stage u_soc_top/cpu_top_inst/gen_riscv_mc.riscv_mc_inst/u_cpu/u_mac/product/P[47:0] is not pipelined (MREG=0). Pipelining the multiplier function will improve performance and will save significant power so it is suggested whenever possible to fully pipeline this function.  If this multiplier was inferred, it is suggested to describe an additional register stage after this function.  If there is no registered adder/accumulator following the multiply function, two pipeline stages are suggested to allow both the MREG and PREG registers to be used.  If the DSP48 was instantiated in the design, it is suggested to set both the MREG and PREG attributes to 1 when performing multiply functions.
Related violations: <none>

DPOP-2#2 Warning
MREG Output pipelining  
DSP u_soc_top/cpu_top_inst/gen_riscv_mc.riscv_mc_inst/u_cpu/u_mac/product__0 multiplier stage u_soc_top/cpu_top_inst/gen_riscv_mc.riscv_mc_inst/u_cpu/u_mac/product__0/P[47:0] is not pipelined (MREG=0). Pipelining the multiplier function will improve performance and will save significant power so it is suggested whenever possible to fully pipeline this function.  If this multiplier was inferred, it is suggested to describe an additional register stage after this function.  If there is no registered adder/accumulator following the multiply function, two pipeline stages are suggested to allow both the MREG and PREG registers to be used.  If the DSP48 was instantiated in the design, it is suggested to set both the MREG and PREG attributes to 1 when performing multiply functions.
Related violations: <none>

DPOP-2#3 Warning
MREG Output pipelining  
DSP u_soc_top/cpu_top_inst/gen_riscv_mc.riscv_mc_inst/u_cpu/u_mac/product__1 multiplier stage u_soc_top/cpu_top_inst/gen_riscv_mc.riscv_mc_inst/u_cpu/u_mac/product__1/P[47:0] is not pipelined (MREG=0). Pipelining the multiplier function will improve performance and will save significant power so it is suggested whenever possible to fully pipeline this function.  If this multiplier was inferred, it is suggested to describe an additional register stage after this function.  If there is no registered adder/accumulator following the multiply function, two pipeline stages are suggested to allow both the MREG and PREG registers to be used.  If the DSP48 was instantiated in the design, it is suggested to set both the MREG and PREG attributes to 1 when performing multiply functions.
Related violations: <none>

DPOR-1#1 Warning
Asynchronous load check  
DSP u_soc_top/cpu_top_inst/gen_riscv_mc.riscv_mc_inst/u_cpu/u_mac/product__0 output is connected to registers with an asynchronous reset (u_soc_top/cpu_top_inst/gen_riscv_mc.riscv_mc_inst/u_cpu/mac_product_low_reg[0]). This is preventing the possibility of merging these registers in to the DSP Block since the DSP block registers only possess synchronous reset capability.  It is suggested to recode or change these registers to remove the reset or use a synchronous reset to get the best optimization for performance, power and area.
Related violations: <none>

DPOR-1#2 Warning
Asynchronous load check  
DSP u_soc_top/cpu_top_inst/gen_riscv_mc.riscv_mc_inst/u_cpu/u_mac/product__0 output is connected to registers with an asynchronous reset (u_soc_top/cpu_top_inst/gen_riscv_mc.riscv_mc_inst/u_cpu/mac_product_low_reg[10]). This is preventing the possibility of merging these registers in to the DSP Block since the DSP block registers only possess synchronous reset capability.  It is suggested to recode or change these registers to remove the reset or use a synchronous reset to get the best optimization for performance, power and area.
Related violations: <none>

DPOR-1#3 Warning
Asynchronous load check  
DSP u_soc_top/cpu_top_inst/gen_riscv_mc.riscv_mc_inst/u_cpu/u_mac/product__0 output is connected to registers with an asynchronous reset (u_soc_top/cpu_top_inst/gen_riscv_mc.riscv_mc_inst/u_cpu/mac_product_low_reg[11]). This is preventing the possibility of merging these registers in to the DSP Block since the DSP block registers only possess synchronous reset capability.  It is suggested to recode or change these registers to remove the reset or use a synchronous reset to get the best optimization for performance, power and area.
Related violations: <none>

DPOR-1#4 Warning
Asynchronous load check  
DSP u_soc_top/cpu_top_inst/gen_riscv_mc.riscv_mc_inst/u_cpu/u_mac/product__0 output is connected to registers with an asynchronous reset (u_soc_top/cpu_top_inst/gen_riscv_mc.riscv_mc_inst/u_cpu/mac_product_low_reg[12]). This is preventing the possibility of merging these registers in to the DSP Block since the DSP block registers only possess synchronous reset capability.  It is suggested to recode or change these registers to remove the reset or use a synchronous reset to get the best optimization for performance, power and area.
Related violations: <none>

DPOR-1#5 Warning
Asynchronous load check  
DSP u_soc_top/cpu_top_inst/gen_riscv_mc.riscv_mc_inst/u_cpu/u_mac/product__0 output is connected to registers with an asynchronous reset (u_soc_top/cpu_top_inst/gen_riscv_mc.riscv_mc_inst/u_cpu/mac_product_low_reg[13]). This is preventing the possibility of merging these registers in to the DSP Block since the DSP block registers only possess synchronous reset capability.  It is suggested to recode or change these registers to remove the reset or use a synchronous reset to get the best optimization for performance, power and area.
Related violations: <none>

DPOR-1#6 Warning
Asynchronous load check  
DSP u_soc_top/cpu_top_inst/gen_riscv_mc.riscv_mc_inst/u_cpu/u_mac/product__0 output is connected to registers with an asynchronous reset (u_soc_top/cpu_top_inst/gen_riscv_mc.riscv_mc_inst/u_cpu/mac_product_low_reg[14]). This is preventing the possibility of merging these registers in to the DSP Block since the DSP block registers only possess synchronous reset capability.  It is suggested to recode or change these registers to remove the reset or use a synchronous reset to get the best optimization for performance, power and area.
Related violations: <none>

DPOR-1#7 Warning
Asynchronous load check  
DSP u_soc_top/cpu_top_inst/gen_riscv_mc.riscv_mc_inst/u_cpu/u_mac/product__0 output is connected to registers with an asynchronous reset (u_soc_top/cpu_top_inst/gen_riscv_mc.riscv_mc_inst/u_cpu/mac_product_low_reg[15]). This is preventing the possibility of merging these registers in to the DSP Block since the DSP block registers only possess synchronous reset capability.  It is suggested to recode or change these registers to remove the reset or use a synchronous reset to get the best optimization for performance, power and area.
Related violations: <none>

DPOR-1#8 Warning
Asynchronous load check  
DSP u_soc_top/cpu_top_inst/gen_riscv_mc.riscv_mc_inst/u_cpu/u_mac/product__0 output is connected to registers with an asynchronous reset (u_soc_top/cpu_top_inst/gen_riscv_mc.riscv_mc_inst/u_cpu/mac_product_low_reg[1]). This is preventing the possibility of merging these registers in to the DSP Block since the DSP block registers only possess synchronous reset capability.  It is suggested to recode or change these registers to remove the reset or use a synchronous reset to get the best optimization for performance, power and area.
Related violations: <none>

DPOR-1#9 Warning
Asynchronous load check  
DSP u_soc_top/cpu_top_inst/gen_riscv_mc.riscv_mc_inst/u_cpu/u_mac/product__0 output is connected to registers with an asynchronous reset (u_soc_top/cpu_top_inst/gen_riscv_mc.riscv_mc_inst/u_cpu/mac_product_low_reg[2]). This is preventing the possibility of merging these registers in to the DSP Block since the DSP block registers only possess synchronous reset capability.  It is suggested to recode or change these registers to remove the reset or use a synchronous reset to get the best optimization for performance, power and area.
Related violations: <none>

DPOR-1#10 Warning
Asynchronous load check  
DSP u_soc_top/cpu_top_inst/gen_riscv_mc.riscv_mc_inst/u_cpu/u_mac/product__0 output is connected to registers with an asynchronous reset (u_soc_top/cpu_top_inst/gen_riscv_mc.riscv_mc_inst/u_cpu/mac_product_low_reg[3]). This is preventing the possibility of merging these registers in to the DSP Block since the DSP block registers only possess synchronous reset capability.  It is suggested to recode or change these registers to remove the reset or use a synchronous reset to get the best optimization for performance, power and area.
Related violations: <none>

DPOR-1#11 Warning
Asynchronous load check  
DSP u_soc_top/cpu_top_inst/gen_riscv_mc.riscv_mc_inst/u_cpu/u_mac/product__0 output is connected to registers with an asynchronous reset (u_soc_top/cpu_top_inst/gen_riscv_mc.riscv_mc_inst/u_cpu/mac_product_low_reg[4]). This is preventing the possibility of merging these registers in to the DSP Block since the DSP block registers only possess synchronous reset capability.  It is suggested to recode or change these registers to remove the reset or use a synchronous reset to get the best optimization for performance, power and area.
Related violations: <none>

DPOR-1#12 Warning
Asynchronous load check  
DSP u_soc_top/cpu_top_inst/gen_riscv_mc.riscv_mc_inst/u_cpu/u_mac/product__0 output is connected to registers with an asynchronous reset (u_soc_top/cpu_top_inst/gen_riscv_mc.riscv_mc_inst/u_cpu/mac_product_low_reg[5]). This is preventing the possibility of merging these registers in to the DSP Block since the DSP block registers only possess synchronous reset capability.  It is suggested to recode or change these registers to remove the reset or use a synchronous reset to get the best optimization for performance, power and area.
Related violations: <none>

DPOR-1#13 Warning
Asynchronous load check  
DSP u_soc_top/cpu_top_inst/gen_riscv_mc.riscv_mc_inst/u_cpu/u_mac/product__0 output is connected to registers with an asynchronous reset (u_soc_top/cpu_top_inst/gen_riscv_mc.riscv_mc_inst/u_cpu/mac_product_low_reg[6]). This is preventing the possibility of merging these registers in to the DSP Block since the DSP block registers only possess synchronous reset capability.  It is suggested to recode or change these registers to remove the reset or use a synchronous reset to get the best optimization for performance, power and area.
Related violations: <none>

DPOR-1#14 Warning
Asynchronous load check  
DSP u_soc_top/cpu_top_inst/gen_riscv_mc.riscv_mc_inst/u_cpu/u_mac/product__0 output is connected to registers with an asynchronous reset (u_soc_top/cpu_top_inst/gen_riscv_mc.riscv_mc_inst/u_cpu/mac_product_low_reg[7]). This is preventing the possibility of merging these registers in to the DSP Block since the DSP block registers only possess synchronous reset capability.  It is suggested to recode or change these registers to remove the reset or use a synchronous reset to get the best optimization for performance, power and area.
Related violations: <none>

DPOR-1#15 Warning
Asynchronous load check  
DSP u_soc_top/cpu_top_inst/gen_riscv_mc.riscv_mc_inst/u_cpu/u_mac/product__0 output is connected to registers with an asynchronous reset (u_soc_top/cpu_top_inst/gen_riscv_mc.riscv_mc_inst/u_cpu/mac_product_low_reg[8]). This is preventing the possibility of merging these registers in to the DSP Block since the DSP block registers only possess synchronous reset capability.  It is suggested to recode or change these registers to remove the reset or use a synchronous reset to get the best optimization for performance, power and area.
Related violations: <none>

DPOR-1#16 Warning
Asynchronous load check  
DSP u_soc_top/cpu_top_inst/gen_riscv_mc.riscv_mc_inst/u_cpu/u_mac/product__0 output is connected to registers with an asynchronous reset (u_soc_top/cpu_top_inst/gen_riscv_mc.riscv_mc_inst/u_cpu/mac_product_low_reg[9]). This is preventing the possibility of merging these registers in to the DSP Block since the DSP block registers only possess synchronous reset capability.  It is suggested to recode or change these registers to remove the reset or use a synchronous reset to get the best optimization for performance, power and area.
Related violations: <none>


