Copyright 1986-2018 Xilinx, Inc. All Rights Reserved.
------------------------------------------------------------------------------------
| Tool Version : Vivado v.2018.3 (win64) Build 2405991 Thu Dec  6 23:38:27 MST 2018
| Date         : Mon Jul 13 02:51:24 2026
| Host         : 05T-1925 running 64-bit major release  (build 9200)
| Command      : report_timing_summary -file build_cpu_vga/timing_summary.rpt
| Design       : minisys_top
| Device       : 7a100t-fgg484
| Speed File   : -1  PRODUCTION 1.23 2018-06-13
------------------------------------------------------------------------------------

Timing Summary Report

------------------------------------------------------------------------------------------------
| Timer Settings
| --------------
------------------------------------------------------------------------------------------------

  Enable Multi Corner Analysis               :  Yes
  Enable Pessimism Removal                   :  Yes
  Pessimism Removal Resolution               :  Nearest Common Node
  Enable Input Delay Default Clock           :  No
  Enable Preset / Clear Arcs                 :  No
  Disable Flight Delays                      :  No
  Ignore I/O Paths                           :  No
  Timing Early Launch at Borrowing Latches   :  false

  Corner  Analyze    Analyze    
  Name    Max Paths  Min Paths  
  ------  ---------  ---------  
  Slow    Yes        Yes        
  Fast    Yes        Yes        



check_timing report

Table of Contents
-----------------
1. checking no_clock
2. checking constant_clock
3. checking pulse_width_clock
4. checking unconstrained_internal_endpoints
5. checking no_input_delay
6. checking no_output_delay
7. checking multiple_clock
8. checking generated_clocks
9. checking loops
10. checking partial_input_delay
11. checking partial_output_delay
12. checking latch_loops

1. checking no_clock
--------------------
 There are 0 register/latch pins with no clock.


2. checking constant_clock
--------------------------
 There are 0 register/latch pins with constant_clock.


3. checking pulse_width_clock
-----------------------------
 There are 0 register/latch pins which need pulse_width check


4. checking unconstrained_internal_endpoints
--------------------------------------------
 There are 0 pins that are not constrained for maximum delay.

 There are 0 pins that are not constrained for maximum delay due to constant clock.


5. checking no_input_delay
--------------------------
 There are 22 input ports with no input delay specified. (HIGH)

 There are 0 input ports with no input delay but user has a false path constraint.


6. checking no_output_delay
---------------------------
 There are 46 ports with no output delay specified. (HIGH)

 There are 0 ports with no output delay but user has a false path constraint

 There are 0 ports with no output delay but with a timing clock defined on it or propagating through it


7. checking multiple_clock
--------------------------
 There are 0 register/latch pins with multiple clocks.


8. checking generated_clocks
----------------------------
 There are 0 generated clocks that are not connected to a clock source.


9. checking loops
-----------------
 There are 0 combinational loops in the design.


10. checking partial_input_delay
--------------------------------
 There are 0 input ports with partial input delay specified.


11. checking partial_output_delay
---------------------------------
 There are 0 ports with partial output delay specified.


12. checking latch_loops
------------------------
 There are 0 combinational latch loops in the design through latch input



------------------------------------------------------------------------------------------------
| Design Timing Summary
| ---------------------
------------------------------------------------------------------------------------------------

    WNS(ns)      TNS(ns)  TNS Failing Endpoints  TNS Total Endpoints      WHS(ns)      THS(ns)  THS Failing Endpoints  THS Total Endpoints     WPWS(ns)     TPWS(ns)  TPWS Failing Endpoints  TPWS Total Endpoints  
    -------      -------  ---------------------  -------------------      -------      -------  ---------------------  -------------------     --------     --------  ----------------------  --------------------  
      0.182        0.000                      0                49767        0.049        0.000                      0                49767        3.750        0.000                       0                 14211  


All user specified timing constraints are met.


------------------------------------------------------------------------------------------------
| Clock Summary
| -------------
------------------------------------------------------------------------------------------------

Clock        Waveform(ns)       Period(ns)      Frequency(MHz)
-----        ------------       ----------      --------------
sys_clk_pin  {0.000 5.000}      10.000          100.000         


------------------------------------------------------------------------------------------------
| Intra Clock Table
| -----------------
------------------------------------------------------------------------------------------------

Clock             WNS(ns)      TNS(ns)  TNS Failing Endpoints  TNS Total Endpoints      WHS(ns)      THS(ns)  THS Failing Endpoints  THS Total Endpoints     WPWS(ns)     TPWS(ns)  TPWS Failing Endpoints  TPWS Total Endpoints  
-----             -------      -------  ---------------------  -------------------      -------      -------  ---------------------  -------------------     --------     --------  ----------------------  --------------------  
sys_clk_pin         0.182        0.000                      0                49767        0.049        0.000                      0                49767        3.750        0.000                       0                 14211  


------------------------------------------------------------------------------------------------
| Inter Clock Table
| -----------------
------------------------------------------------------------------------------------------------

From Clock    To Clock          WNS(ns)      TNS(ns)  TNS Failing Endpoints  TNS Total Endpoints      WHS(ns)      THS(ns)  THS Failing Endpoints  THS Total Endpoints  
----------    --------          -------      -------  ---------------------  -------------------      -------      -------  ---------------------  -------------------  


------------------------------------------------------------------------------------------------
| Other Path Groups Table
| -----------------------
------------------------------------------------------------------------------------------------

Path Group    From Clock    To Clock          WNS(ns)      TNS(ns)  TNS Failing Endpoints  TNS Total Endpoints      WHS(ns)      THS(ns)  THS Failing Endpoints  THS Total Endpoints  
----------    ----------    --------          -------      -------  ---------------------  -------------------      -------      -------  ---------------------  -------------------  


------------------------------------------------------------------------------------------------
| Timing Details
| --------------
------------------------------------------------------------------------------------------------


---------------------------------------------------------------------------------------------------
From Clock:  sys_clk_pin
  To Clock:  sys_clk_pin

Setup :            0  Failing Endpoints,  Worst Slack        0.182ns,  Total Violation        0.000ns
Hold  :            0  Failing Endpoints,  Worst Slack        0.049ns,  Total Violation        0.000ns
PW    :            0  Failing Endpoints,  Worst Slack        3.750ns,  Total Violation        0.000ns
---------------------------------------------------------------------------------------------------


Max Delay Paths
--------------------------------------------------------------------------------------
Slack (MET) :             0.182ns  (required time - arrival time)
  Source:                 u_soc_top/cpu_top_inst/gen_riscv_mc.riscv_mc_inst/u_cpu/dec_alu_op_reg[1]/C
                            (rising edge-triggered cell FDCE clocked by sys_clk_pin  {rise@0.000ns fall@5.000ns period=10.000ns})
  Destination:            u_soc_top/cpu_top_inst/gen_riscv_mc.riscv_mc_inst/u_cpu/alu_result_reg[8]/D
                            (rising edge-triggered cell FDCE clocked by sys_clk_pin  {rise@0.000ns fall@5.000ns period=10.000ns})
  Path Group:             sys_clk_pin
  Path Type:              Setup (Max at Slow Process Corner)
  Requirement:            10.000ns  (sys_clk_pin rise@10.000ns - sys_clk_pin rise@0.000ns)
  Data Path Delay:        9.522ns  (logic 1.816ns (19.073%)  route 7.706ns (80.927%))
  Logic Levels:           8  (LUT3=1 LUT4=1 LUT5=4 LUT6=2)
  Clock Path Skew:        -0.194ns (DCD - SCD + CPR)
    Destination Clock Delay (DCD):    4.975ns = ( 14.975 - 10.000 ) 
    Source Clock Delay      (SCD):    5.357ns
    Clock Pessimism Removal (CPR):    0.188ns
  Clock Uncertainty:      0.035ns  ((TSJ^2 + TIJ^2)^1/2 + DJ) / 2 + PE
    Total System Jitter     (TSJ):    0.071ns
    Total Input Jitter      (TIJ):    0.000ns
    Discrete Jitter          (DJ):    0.000ns
    Phase Error              (PE):    0.000ns

    Location             Delay type                Incr(ns)  Path(ns)    Netlist Resource(s)
  -------------------------------------------------------------------    -------------------
                         (clock sys_clk_pin rise edge)
                                                      0.000     0.000 r  
    Y18                                               0.000     0.000 r  clk (IN)
                         net (fo=0)                   0.000     0.000    clk
    Y18                  IBUF (Prop_ibuf_I_O)         1.545     1.545 r  clk_IBUF_inst/O
                         net (fo=1, routed)           2.016     3.560    clk_IBUF
    BUFGCTRL_X0Y0        BUFG (Prop_bufg_I_O)         0.096     3.656 r  clk_IBUF_BUFG_inst/O
                         net (fo=14210, routed)       1.701     5.357    u_soc_top/cpu_top_inst/gen_riscv_mc.riscv_mc_inst/u_cpu/clk_IBUF_BUFG
    SLICE_X72Y144        FDCE                                         r  u_soc_top/cpu_top_inst/gen_riscv_mc.riscv_mc_inst/u_cpu/dec_alu_op_reg[1]/C
  -------------------------------------------------------------------    -------------------
    SLICE_X72Y144        FDCE (Prop_fdce_C_Q)         0.419     5.776 r  u_soc_top/cpu_top_inst/gen_riscv_mc.riscv_mc_inst/u_cpu/dec_alu_op_reg[1]/Q
                         net (fo=119, routed)         0.719     6.496    u_soc_top/cpu_top_inst/gen_riscv_mc.riscv_mc_inst/u_cpu/dec_alu_op[1]
    SLICE_X72Y143        LUT4 (Prop_lut4_I2_O)        0.299     6.795 r  u_soc_top/cpu_top_inst/gen_riscv_mc.riscv_mc_inst/u_cpu/pc[31]_i_50/O
                         net (fo=34, routed)          0.686     7.481    u_soc_top/cpu_top_inst/gen_riscv_mc.riscv_mc_inst/u_cpu/pc[31]_i_50_n_0
    SLICE_X75Y140        LUT5 (Prop_lut5_I3_O)        0.124     7.605 r  u_soc_top/cpu_top_inst/gen_riscv_mc.riscv_mc_inst/u_cpu/pc[3]_i_15/O
                         net (fo=1, routed)           0.571     8.176    u_soc_top/cpu_top_inst/gen_riscv_mc.riscv_mc_inst/u_cpu/pc[3]_i_15_n_0
    SLICE_X75Y141        LUT5 (Prop_lut5_I4_O)        0.124     8.300 r  u_soc_top/cpu_top_inst/gen_riscv_mc.riscv_mc_inst/u_cpu/pc[3]_i_7/O
                         net (fo=131, routed)         1.348     9.648    u_soc_top/cpu_top_inst/gen_riscv_mc.riscv_mc_inst/u_cpu/alu_in_a[3]
    SLICE_X81Y138        LUT5 (Prop_lut5_I1_O)        0.152     9.800 r  u_soc_top/cpu_top_inst/gen_riscv_mc.riscv_mc_inst/u_cpu/pc[15]_i_43/O
                         net (fo=2, routed)           0.816    10.616    u_soc_top/cpu_top_inst/gen_riscv_mc.riscv_mc_inst/u_cpu/pc[15]_i_43_n_0
    SLICE_X72Y139        LUT3 (Prop_lut3_I0_O)        0.326    10.942 r  u_soc_top/cpu_top_inst/gen_riscv_mc.riscv_mc_inst/u_cpu/pc[11]_i_19/O
                         net (fo=6, routed)           0.765    11.708    u_soc_top/cpu_top_inst/gen_riscv_mc.riscv_mc_inst/u_cpu/pc[11]_i_19_n_0
    SLICE_X72Y137        LUT6 (Prop_lut6_I2_O)        0.124    11.832 f  u_soc_top/cpu_top_inst/gen_riscv_mc.riscv_mc_inst/u_cpu/pc[8]_i_10/O
                         net (fo=2, routed)           0.839    12.671    u_soc_top/cpu_top_inst/gen_riscv_mc.riscv_mc_inst/u_cpu/pc[8]_i_10_n_0
    SLICE_X72Y136        LUT6 (Prop_lut6_I1_O)        0.124    12.795 r  u_soc_top/cpu_top_inst/gen_riscv_mc.riscv_mc_inst/u_cpu/alu_result[8]_i_2/O
                         net (fo=27, routed)          1.620    14.415    u_soc_top/cpu_top_inst/gen_riscv_mc.riscv_mc_inst/u_cpu/alu_result[8]_i_2_n_0
    SLICE_X47Y145        LUT5 (Prop_lut5_I3_O)        0.124    14.539 r  u_soc_top/cpu_top_inst/gen_riscv_mc.riscv_mc_inst/u_cpu/alu_result[8]_i_1/O
                         net (fo=1, routed)           0.340    14.879    u_soc_top/cpu_top_inst/gen_riscv_mc.riscv_mc_inst/u_cpu/alu_result0_in[8]
    SLICE_X47Y145        FDCE                                         r  u_soc_top/cpu_top_inst/gen_riscv_mc.riscv_mc_inst/u_cpu/alu_result_reg[8]/D
  -------------------------------------------------------------------    -------------------

                         (clock sys_clk_pin rise edge)
                                                     10.000    10.000 r  
    Y18                                               0.000    10.000 r  clk (IN)
                         net (fo=0)                   0.000    10.000    clk
    Y18                  IBUF (Prop_ibuf_I_O)         1.474    11.474 r  clk_IBUF_inst/O
                         net (fo=1, routed)           1.911    13.385    clk_IBUF
    BUFGCTRL_X0Y0        BUFG (Prop_bufg_I_O)         0.091    13.476 r  clk_IBUF_BUFG_inst/O
                         net (fo=14210, routed)       1.500    14.975    u_soc_top/cpu_top_inst/gen_riscv_mc.riscv_mc_inst/u_cpu/clk_IBUF_BUFG
    SLICE_X47Y145        FDCE                                         r  u_soc_top/cpu_top_inst/gen_riscv_mc.riscv_mc_inst/u_cpu/alu_result_reg[8]/C
                         clock pessimism              0.188    15.163    
                         clock uncertainty           -0.035    15.128    
    SLICE_X47Y145        FDCE (Setup_fdce_C_D)       -0.067    15.061    u_soc_top/cpu_top_inst/gen_riscv_mc.riscv_mc_inst/u_cpu/alu_result_reg[8]
  -------------------------------------------------------------------
                         required time                         15.061    
                         arrival time                         -14.879    
  -------------------------------------------------------------------
                         slack                                  0.182    





Min Delay Paths
--------------------------------------------------------------------------------------
Slack (MET) :             0.049ns  (arrival time - required time)
  Source:                 u_soc_top/cpu_top_inst/gen_riscv_mc.riscv_mc_inst/u_cpu/u_perf/cycle_cnt_reg[20]/C
                            (rising edge-triggered cell FDRE clocked by sys_clk_pin  {rise@0.000ns fall@5.000ns period=10.000ns})
  Destination:            u_soc_top/cpu_top_inst/gen_riscv_mc.riscv_mc_inst/u_cpu/u_perf/cycle_cnt_reg[24]/D
                            (rising edge-triggered cell FDRE clocked by sys_clk_pin  {rise@0.000ns fall@5.000ns period=10.000ns})
  Path Group:             sys_clk_pin
  Path Type:              Hold (Min at Fast Process Corner)
  Requirement:            0.000ns  (sys_clk_pin rise@0.000ns - sys_clk_pin rise@0.000ns)
  Data Path Delay:        0.508ns  (logic 0.392ns (77.205%)  route 0.116ns (22.795%))
  Logic Levels:           2  (CARRY4=2)
  Clock Path Skew:        0.353ns (DCD - SCD - CPR)
    Destination Clock Delay (DCD):    2.147ns
    Source Clock Delay      (SCD):    1.543ns
    Clock Pessimism Removal (CPR):    0.251ns

    Location             Delay type                Incr(ns)  Path(ns)    Netlist Resource(s)
  -------------------------------------------------------------------    -------------------
                         (clock sys_clk_pin rise edge)
                                                      0.000     0.000 r  
    Y18                                               0.000     0.000 r  clk (IN)
                         net (fo=0)                   0.000     0.000    clk
    Y18                  IBUF (Prop_ibuf_I_O)         0.312     0.312 r  clk_IBUF_inst/O
                         net (fo=1, routed)           0.640     0.952    clk_IBUF
    BUFGCTRL_X0Y0        BUFG (Prop_bufg_I_O)         0.026     0.978 r  clk_IBUF_BUFG_inst/O
                         net (fo=14210, routed)       0.565     1.543    u_soc_top/cpu_top_inst/gen_riscv_mc.riscv_mc_inst/u_cpu/u_perf/clk_IBUF_BUFG
    SLICE_X39Y149        FDRE                                         r  u_soc_top/cpu_top_inst/gen_riscv_mc.riscv_mc_inst/u_cpu/u_perf/cycle_cnt_reg[20]/C
  -------------------------------------------------------------------    -------------------
    SLICE_X39Y149        FDRE (Prop_fdre_C_Q)         0.141     1.684 r  u_soc_top/cpu_top_inst/gen_riscv_mc.riscv_mc_inst/u_cpu/u_perf/cycle_cnt_reg[20]/Q
                         net (fo=3, routed)           0.115     1.799    u_soc_top/cpu_top_inst/gen_riscv_mc.riscv_mc_inst/u_cpu/u_perf/perf_cycle_count[20]
    SLICE_X39Y149        CARRY4 (Prop_carry4_S[0]_CO[3])
                                                      0.197     1.996 r  u_soc_top/cpu_top_inst/gen_riscv_mc.riscv_mc_inst/u_cpu/u_perf/cycle_cnt_reg[20]_i_1/CO[3]
                         net (fo=1, routed)           0.001     1.997    u_soc_top/cpu_top_inst/gen_riscv_mc.riscv_mc_inst/u_cpu/u_perf/cycle_cnt_reg[20]_i_1_n_0
    SLICE_X39Y150        CARRY4 (Prop_carry4_CI_O[0])
                                                      0.054     2.051 r  u_soc_top/cpu_top_inst/gen_riscv_mc.riscv_mc_inst/u_cpu/u_perf/cycle_cnt_reg[24]_i_1/O[0]
                         net (fo=1, routed)           0.000     2.051    u_soc_top/cpu_top_inst/gen_riscv_mc.riscv_mc_inst/u_cpu/u_perf/cycle_cnt_reg[24]_i_1_n_7
    SLICE_X39Y150        FDRE                                         r  u_soc_top/cpu_top_inst/gen_riscv_mc.riscv_mc_inst/u_cpu/u_perf/cycle_cnt_reg[24]/D
  -------------------------------------------------------------------    -------------------

                         (clock sys_clk_pin rise edge)
                                                      0.000     0.000 r  
    Y18                                               0.000     0.000 r  clk (IN)
                         net (fo=0)                   0.000     0.000    clk
    Y18                  IBUF (Prop_ibuf_I_O)         0.501     0.501 r  clk_IBUF_inst/O
                         net (fo=1, routed)           0.695     1.195    clk_IBUF
    BUFGCTRL_X0Y0        BUFG (Prop_bufg_I_O)         0.029     1.224 r  clk_IBUF_BUFG_inst/O
                         net (fo=14210, routed)       0.923     2.147    u_soc_top/cpu_top_inst/gen_riscv_mc.riscv_mc_inst/u_cpu/u_perf/clk_IBUF_BUFG
    SLICE_X39Y150        FDRE                                         r  u_soc_top/cpu_top_inst/gen_riscv_mc.riscv_mc_inst/u_cpu/u_perf/cycle_cnt_reg[24]/C
                         clock pessimism             -0.251     1.896    
    SLICE_X39Y150        FDRE (Hold_fdre_C_D)         0.105     2.001    u_soc_top/cpu_top_inst/gen_riscv_mc.riscv_mc_inst/u_cpu/u_perf/cycle_cnt_reg[24]
  -------------------------------------------------------------------
                         required time                         -2.001    
                         arrival time                           2.051    
  -------------------------------------------------------------------
                         slack                                  0.049    





Pulse Width Checks
--------------------------------------------------------------------------------------
Clock Name:         sys_clk_pin
Waveform(ns):       { 0.000 5.000 }
Period(ns):         10.000
Sources:            { clk }

Check Type        Corner  Lib Pin      Reference Pin  Required(ns)  Actual(ns)  Slack(ns)  Location       Pin
Min Period        n/a     BUFG/I       n/a            2.155         10.000      7.845      BUFGCTRL_X0Y0  clk_IBUF_BUFG_inst/I
Low Pulse Width   Slow    RAMD64E/CLK  n/a            1.250         5.000       3.750      SLICE_X74Y142  u_soc_top/inst_ram_inst/mem_reg_3392_3455_21_23/RAMA/CLK
High Pulse Width  Slow    RAMD64E/CLK  n/a            1.250         5.000       3.750      SLICE_X84Y110  u_soc_top/inst_ram_inst/mem_reg_3392_3455_12_14/RAMB/CLK



